<?xml version="1.0" encoding="UTF-8"?>
<!-- Generated by org.testng.reporters.JUnitReportReporter -->
<testsuite hostname="DESKTOP-IHIJH93" failures="0" tests="1" name="com.actitime.testscript.DemoScreenShot" time="20.325" errors="0" timestamp="2022-08-17T12:31:17 IST" skipped="0">
  <testcase classname="com.actitime.testscript.DemoScreenShot" name="takingScreenshot" time="20.325"/>
  <system-out/>
</testsuite> <!-- com.actitime.testscript.DemoScreenShot -->
