<?xml version="1.0" encoding="UTF-8"?>
<!-- Generated by org.testng.reporters.JUnitReportReporter -->
<testsuite hostname="DESKTOP-IHIJH93" failures="0" tests="1" name="com.actitime.testscript.DemoTesting" time="0.006" errors="0" timestamp="2022-08-16T11:03:50 IST" skipped="0">
  <testcase classname="com.actitime.testscript.DemoTesting" name="demoTest" time="0.006"/>
  <system-out>
    <![CDATA[welcome to testing
welcome to testing part 2]]>
  </system-out>
</testsuite> <!-- com.actitime.testscript.DemoTesting -->
