<?xml version="1.0" encoding="UTF-8"?>
<!-- Generated by org.testng.reporters.JUnitReportReporter -->
<testsuite hostname="DESKTOP-IHIJH93" failures="0" tests="1" name="com.actitime.testscript.ProjModuleParellel" time="18.322" errors="0" timestamp="2022-09-07T09:42:16 IST" skipped="0">
  <testcase classname="com.actitime.testscript.ProjModuleParellel" name="createProject" time="18.322"/>
  <system-out>
    <![CDATA[create project]]>
  </system-out>
</testsuite> <!-- com.actitime.testscript.ProjModuleParellel -->
