<?xml version="1.0" encoding="UTF-8"?>
<!-- Generated by org.testng.reporters.JUnitReportReporter -->
<testsuite hostname="DESKTOP-IHIJH93" failures="0" tests="1" name="com.actitime.testscript.DemoAssertion" time="4.784" errors="0" timestamp="2022-08-23T06:08:20 IST" skipped="0">
  <testcase classname="com.actitime.testscript.DemoAssertion" name="verifyTitle" time="4.784"/>
  <system-out>
    <![CDATA[welcome
welcome11111]]>
  </system-out>
</testsuite> <!-- com.actitime.testscript.DemoAssertion -->
