<?xml version="1.0" encoding="UTF-8"?>
<!-- Generated by org.testng.reporters.JUnitReportReporter -->
<testsuite hostname="DESKTOP-IHIJH93" failures="0" tests="4" name="com.actitime.testscript.CustomerModuleTest" time="0.010" errors="0" timestamp="2022-08-18T22:21:30 IST" skipped="0">
  <testcase classname="com.actitime.testscript.CustomerModuleTest" name="modifyCustomer" time="0.002"/>
  <system-out>
    <![CDATA[modify-Customer]]>
  </system-out>
  <testcase classname="com.actitime.testscript.CustomerModuleTest" name="deleteCustomer" time="0.005"/>
  <system-out>
    <![CDATA[delete-Customer]]>
  </system-out>
  <testcase classname="com.actitime.testscript.CustomerModuleTest" name="createCustomer" time="0.002"/>
  <system-out>
    <![CDATA[create-Customer]]>
  </system-out>
  <testcase classname="com.actitime.testscript.CustomerModuleTest" name="createCustomer" time="0.001"/>
  <system-out>
    <![CDATA[create-Customer]]>
  </system-out>
</testsuite> <!-- com.actitime.testscript.CustomerModuleTest -->
