<?xml version="1.0" encoding="UTF-8"?>
<!-- Generated by org.testng.reporters.JUnitReportReporter -->
<testsuite hostname="DESKTOP-IHIJH93" failures="0" tests="2" name="com.actitime.testscript.TaskModule" time="25.570" errors="0" timestamp="2022-08-19T00:30:04 IST" skipped="0">
  <testcase classname="com.actitime.testscript.TaskModule" name="deleteTask" time="18.550"/>
  <system-out>
    <![CDATA[delete----Task]]>
  </system-out>
  <testcase classname="com.actitime.testscript.TaskModule" name="createTask" time="7.020"/>
  <system-out>
    <![CDATA[create----Task]]>
  </system-out>
</testsuite> <!-- com.actitime.testscript.TaskModule -->
