<?xml version="1.0" encoding="UTF-8"?>
<!-- Generated by org.testng.reporters.JUnitReportReporter -->
<testsuite hostname="DESKTOP-IHIJH93" failures="0" tests="1" name="com.actitime.testscript.DemoDebugger" time="0.006" errors="0" timestamp="2022-09-14T22:23:48 IST" skipped="0">
  <testcase classname="com.actitime.testscript.DemoDebugger" name="demo" time="0.006"/>
  <system-out>
    <![CDATA[Hiiii
Hiiii hw
Hiiii hw r uh]]>
  </system-out>
</testsuite> <!-- com.actitime.testscript.DemoDebugger -->
