<?xml version="1.0" encoding="UTF-8"?>
<!-- Generated by org.testng.reporters.JUnitReportReporter -->
<testsuite hostname="DESKTOP-IHIJH93" failures="0" tests="1" name="com.actitime.testscript.CustomerModule" time="21.946" errors="0" timestamp="2022-08-19T00:30:04 IST" skipped="0">
  <testcase classname="com.actitime.testscript.CustomerModule" name="createCustomer" time="21.946"/>
  <system-out>
    <![CDATA[create----Customer]]>
  </system-out>
</testsuite> <!-- com.actitime.testscript.CustomerModule -->
