<?xml version="1.0" encoding="UTF-8"?>
<!-- Generated by org.testng.reporters.JUnitReportReporter -->
<testsuite hostname="DESKTOP-IHIJH93" failures="0" tests="1" name="com.actitime.pom.TestClassForWithoutConstructor" time="30.367" errors="0" timestamp="2022-08-24T01:16:47 IST" skipped="0">
  <testcase classname="com.actitime.pom.TestClassForWithoutConstructor" name="demoTestClass" time="30.367"/>
  <system-out/>
</testsuite> <!-- com.actitime.pom.TestClassForWithoutConstructor -->
