<?xml version="1.0" encoding="UTF-8"?>
<!-- Generated by org.testng.reporters.JUnitReportReporter -->
<testsuite hostname="DESKTOP-IHIJH93" failures="0" tests="3" name="com.actitime.testscript.ProjectModule" time="0.034" errors="0" timestamp="2022-08-18T19:22:12 IST" skipped="0">
  <testcase classname="com.actitime.testscript.ProjectModule" name="deleteProject" time="0.007"/>
  <system-out>
    <![CDATA[delete----Project]]>
  </system-out>
  <testcase classname="com.actitime.testscript.ProjectModule" name="createProject" time="0.002"/>
  <system-out>
    <![CDATA[create----Project]]>
  </system-out>
  <testcase classname="com.actitime.testscript.ProjectModule" name="modifyProject" time="0.025"/>
  <system-out>
    <![CDATA[modify----Project]]>
  </system-out>
</testsuite> <!-- com.actitime.testscript.ProjectModule -->
