<?xml version="1.0" encoding="UTF-8"?>
<!-- Generated by org.testng.reporters.JUnitReportReporter -->
<testsuite hostname="DESKTOP-IHIJH93" failures="0" tests="1" name="com.actitime.pom.TestClass" time="32.089" errors="0" timestamp="2022-08-24T00:51:29 IST" skipped="0">
  <testcase classname="com.actitime.pom.TestClass" name="demoTestClass" time="32.089"/>
  <system-out/>
</testsuite> <!-- com.actitime.pom.TestClass -->
