<?xml version="1.0" encoding="UTF-8"?>
<!-- Generated by org.testng.reporters.JUnitReportReporter -->
<testsuite hostname="DESKTOP-IHIJH93" failures="0" tests="1" name="com.actitime.testscript.CreateCustomer" time="38.822" errors="0" timestamp="2022-09-15T09:51:56 IST" skipped="0">
  <testcase classname="com.actitime.testscript.CreateCustomer" name="testCreateCustomer" time="38.822"/>
  <system-out>
    <![CDATA[HDFC_001
Banking Project]]>
  </system-out>
</testsuite> <!-- com.actitime.testscript.CreateCustomer -->
