<?xml version="1.0" encoding="UTF-8"?>
<!-- Generated by org.testng.reporters.JUnitReportReporter -->
<testsuite hostname="DESKTOP-IHIJH93" failures="0" tests="1" name="com.actitime.testscript.Test1" time="0.006" errors="0" timestamp="12 Sep 2022 19:09:12 GMT" skipped="0">
  <testcase classname="com.actitime.testscript.Test1" name="m1" time="0.006"/>
</testsuite> <!-- com.actitime.testscript.Test1 -->
