<?xml version="1.0" encoding="UTF-8"?>
<!-- Generated by org.testng.reporters.JUnitReportReporter -->
<testsuite skipped="0" hostname="DESKTOP-IHIJH93" name="com.crm.campaign.CreateCampaignWithProductTest" tests="1" failures="0" timestamp="13 Oct 2022 18:41:55 GMT" time="17.722" errors="0">
  <testcase name="createCampaignWithProductTest" time="17.722" classname="com.crm.campaign.CreateCampaignWithProductTest"/>
</testsuite> <!-- com.crm.campaign.CreateCampaignWithProductTest -->
